#
# There is insufficient memory for the Java Runtime Environment to continue.
# Native memory allocation (malloc) failed to allocate 1509552 bytes for Chunk::new
# Possible reasons:
#   The system is out of physical RAM or swap space
#   In 32 bit mode, the process size limit was hit
# Possible solutions:
#   Reduce memory load on the system
#   Increase physical memory or swap space
#   Check if swap backing store is full
#   Use 64 bit Java on a 64 bit OS
#   Decrease Java heap size (-Xmx/-Xms)
#   Decrease number of Java threads
#   Decrease Java thread stack sizes (-Xss)
#   Set larger code cache with -XX:ReservedCodeCacheSize=
# This output file may be truncated or incomplete.
#
#  Out of Memory Error (allocation.cpp:390), pid=10152, tid=0x0000000000000680
#
# JRE version: Java(TM) SE Runtime Environment (8.0_111-b14) (build 1.8.0_111-b14)
# Java VM: Java HotSpot(TM) 64-Bit Server VM (25.111-b14 mixed mode windows-amd64 compressed oops)
# Failed to write core dump. Minidumps are not enabled by default on client versions of Windows
#

---------------  T H R E A D  ---------------

Current thread (0x00000000175ed000):  JavaThread "C2 CompilerThread1" daemon [_thread_in_native, id=1664, stack(0x0000000019120000,0x0000000019220000)]

Stack: [0x0000000019120000,0x0000000019220000]
[error occurred during error reporting (printing stack bounds), id 0xc0000005]

Native frames: (J=compiled Java code, j=interpreted, Vv=VM code, C=native code)


Current CompileTask:
C2:   9857 4139       4       org.springframework.core.ResolvableType::as (81 bytes)


---------------  P R O C E S S  ---------------

Java Threads: ( => current thread )
  0x000000001c026000 JavaThread "spring.cloud.inetutils" daemon [_thread_in_native, id=2120, stack(0x000000001edb0000,0x000000001eeb0000)]
  0x000000001ba47000 JavaThread "localhost-startStop-1" daemon [_thread_in_native, id=5356, stack(0x000000001eab0000,0x000000001ebb0000)]
  0x000000001c670800 JavaThread "Tomcat-startStop-1" daemon [_thread_blocked, id=10688, stack(0x000000001e9b0000,0x000000001eab0000)]
  0x000000001bcf8800 JavaThread "spring.cloud.inetutils" daemon [_thread_in_native, id=7888, stack(0x000000001d230000,0x000000001d330000)]
  0x000000001a501800 JavaThread "spring.cloud.inetutils" daemon [_thread_in_native, id=1192, stack(0x000000001b4f0000,0x000000001b5f0000)]
  0x000000001987f000 JavaThread "Monitor Ctrl-Break" daemon [_thread_in_native, id=5728, stack(0x0000000019d20000,0x0000000019e20000)]
  0x0000000018aa4000 JavaThread "Service Thread" daemon [_thread_blocked, id=2692, stack(0x0000000019320000,0x0000000019420000)]
  0x00000000175f3800 JavaThread "C1 CompilerThread2" daemon [_thread_blocked, id=2984, stack(0x0000000019220000,0x0000000019320000)]
=>0x00000000175ed000 JavaThread "C2 CompilerThread1" daemon [_thread_in_native, id=1664, stack(0x0000000019120000,0x0000000019220000)]
  0x0000000018a63000 JavaThread "C2 CompilerThread0" daemon [_thread_in_native, id=7516, stack(0x0000000019020000,0x0000000019120000)]
  0x0000000018a62800 JavaThread "Attach Listener" daemon [_thread_blocked, id=3912, stack(0x0000000018f20000,0x0000000019020000)]
  0x00000000175d7800 JavaThread "Signal Dispatcher" daemon [_thread_blocked, id=4836, stack(0x0000000018e20000,0x0000000018f20000)]
  0x0000000004f4c000 JavaThread "Finalizer" daemon [_thread_blocked, id=11812, stack(0x0000000018820000,0x0000000018920000)]
  0x0000000004f46800 JavaThread "Reference Handler" daemon [_thread_blocked, id=12816, stack(0x0000000018720000,0x0000000018820000)]
  0x0000000004e58000 JavaThread "main" [_thread_blocked, id=6284, stack(0x0000000004d50000,0x0000000004e50000)]

Other Threads:
  0x0000000017586800 VMThread [stack: 0x0000000018620000,0x0000000018720000] [id=3924]
  0x0000000018b4a800 WatcherThread [stack: 0x0000000019420000,0x0000000019520000] [id=12548]

VM state:not at safepoint (normal execution)

VM Mutex/Monitor currently owned by a thread: None

Heap:
 PSYoungGen      total 132608K, used 112469K [0x00000000eae00000, 0x00000000f3c80000, 0x0000000100000000)
  eden space 122368K, 91% used [0x00000000eae00000,0x00000000f1bd5500,0x00000000f2580000)
  from space 10240K, 0% used [0x00000000f3280000,0x00000000f3280000,0x00000000f3c80000)
  to   space 11776K, 0% used [0x00000000f2580000,0x00000000f2580000,0x00000000f3100000)
 ParOldGen       total 60416K, used 18830K [0x00000000c0a00000, 0x00000000c4500000, 0x00000000eae00000)
  object space 60416K, 31% used [0x00000000c0a00000,0x00000000c1c63a08,0x00000000c4500000)
 Metaspace       used 36724K, capacity 38350K, committed 38616K, reserved 1083392K
  class space    used 4746K, capacity 5049K, committed 5120K, reserved 1048576K

Card table byte_map: [0x0000000014310000,0x0000000014510000] byte_map_base: 0x0000000013d0b000

Marking Bits: (ParMarkBitMap*) 0x000000007189a6c0
 Begin Bits: [0x0000000014a70000, 0x0000000015a48000)
 End Bits:   [0x0000000015a48000, 0x0000000016a20000)

Polling page: 0x0000000002b30000

CodeCache: size=245760Kb used=13558Kb max_used=13579Kb free=232201Kb
 bounds [0x0000000004f50000, 0x0000000005cb0000, 0x0000000013f50000]
 total_blobs=4258 nmethods=3831 adapters=339
 compilation: enabled

Compilation events (10 events):
Event: 9.626 Thread 0x00000000175f3800 4188       1       org.springframework.cglib.core.Block::getCodeEmitter (5 bytes)
Event: 9.626 Thread 0x00000000175f3800 nmethod 4188 0x0000000005c89f10 code [0x0000000005c8a060, 0x0000000005c8a170]
Event: 9.626 Thread 0x00000000175f3800 4189       1       org.springframework.cglib.core.Block::getStart (5 bytes)
Event: 9.627 Thread 0x00000000175f3800 nmethod 4189 0x0000000005c8a1d0 code [0x0000000005c8a320, 0x0000000005c8a430]
Event: 9.673 Thread 0x0000000018a63000 nmethod 4136 0x0000000005c90d50 code [0x0000000005c911e0, 0x0000000005c94ce0]
Event: 9.674 Thread 0x0000000018a63000 4148       4       org.springframework.boot.context.properties.source.ConfigurationPropertyName::equals (82 bytes)
Event: 9.687 Thread 0x0000000018a63000 nmethod 4148 0x0000000005c8b290 code [0x0000000005c8b440, 0x0000000005c8c218]
Event: 9.687 Thread 0x0000000018a63000 4174       4       org.springframework.boot.context.properties.source.ConfigurationPropertyName::cleanupCharSequence (150 bytes)
Event: 9.745 Thread 0x0000000018a63000 nmethod 4174 0x0000000005c9dfd0 code [0x0000000005c9e220, 0x0000000005ca0a68]
Event: 9.745 Thread 0x0000000018a63000 4140   !   4       com.sun.beans.TypeResolver::resolve (274 bytes)

GC Heap History (10 events):
Event: 3.420 GC heap before
{Heap before GC invocations=8 (full 1):
 PSYoungGen      total 72192K, used 65024K [0x00000000eae00000, 0x00000000efd00000, 0x0000000100000000)
  eden space 65024K, 100% used [0x00000000eae00000,0x00000000eed80000,0x00000000eed80000)
  from space 7168K, 0% used [0x00000000ef500000,0x00000000ef500000,0x00000000efc00000)
  to   space 7680K, 0% used [0x00000000eed80000,0x00000000eed80000,0x00000000ef500000)
 ParOldGen       total 35328K, used 7102K [0x00000000c0a00000, 0x00000000c2c80000, 0x00000000eae00000)
  object space 35328K, 20% used [0x00000000c0a00000,0x00000000c10efa38,0x00000000c2c80000)
 Metaspace       used 25462K, capacity 26240K, committed 26624K, reserved 1073152K
  class space    used 3276K, capacity 3466K, committed 3584K, reserved 1048576K
Event: 3.427 GC heap after
Heap after GC invocations=8 (full 1):
 PSYoungGen      total 72704K, used 7250K [0x00000000eae00000, 0x00000000f1f80000, 0x0000000100000000)
  eden space 65024K, 0% used [0x00000000eae00000,0x00000000eae00000,0x00000000eed80000)
  from space 7680K, 94% used [0x00000000eed80000,0x00000000ef494988,0x00000000ef500000)
  to   space 8192K, 0% used [0x00000000f1780000,0x00000000f1780000,0x00000000f1f80000)
 ParOldGen       total 35328K, used 7110K [0x00000000c0a00000, 0x00000000c2c80000, 0x00000000eae00000)
  object space 35328K, 20% used [0x00000000c0a00000,0x00000000c10f1a38,0x00000000c2c80000)
 Metaspace       used 25462K, capacity 26240K, committed 26624K, reserved 1073152K
  class space    used 3276K, capacity 3466K, committed 3584K, reserved 1048576K
}
Event: 5.346 GC heap before
{Heap before GC invocations=9 (full 1):
 PSYoungGen      total 72704K, used 72274K [0x00000000eae00000, 0x00000000f1f80000, 0x0000000100000000)
  eden space 65024K, 100% used [0x00000000eae00000,0x00000000eed80000,0x00000000eed80000)
  from space 7680K, 94% used [0x00000000eed80000,0x00000000ef494988,0x00000000ef500000)
  to   space 8192K, 0% used [0x00000000f1780000,0x00000000f1780000,0x00000000f1f80000)
 ParOldGen       total 35328K, used 7110K [0x00000000c0a00000, 0x00000000c2c80000, 0x00000000eae00000)
  object space 35328K, 20% used [0x00000000c0a00000,0x00000000c10f1a38,0x00000000c2c80000)
 Metaspace       used 28247K, capacity 29218K, committed 29440K, reserved 1075200K
  class space    used 3637K, capacity 3839K, committed 3840K, reserved 1048576K
Event: 5.356 GC heap after
Heap after GC invocations=9 (full 1):
 PSYoungGen      total 104448K, used 8165K [0x00000000eae00000, 0x00000000f1f80000, 0x0000000100000000)
  eden space 96256K, 0% used [0x00000000eae00000,0x00000000eae00000,0x00000000f0c00000)
  from space 8192K, 99% used [0x00000000f1780000,0x00000000f1f79470,0x00000000f1f80000)
  to   space 9728K, 0% used [0x00000000f0c80000,0x00000000f0c80000,0x00000000f1600000)
 ParOldGen       total 35328K, used 7804K [0x00000000c0a00000, 0x00000000c2c80000, 0x00000000eae00000)
  object space 35328K, 22% used [0x00000000c0a00000,0x00000000c119f118,0x00000000c2c80000)
 Metaspace       used 28247K, capacity 29218K, committed 29440K, reserved 1075200K
  class space    used 3637K, capacity 3839K, committed 3840K, reserved 1048576K
}
Event: 6.060 GC heap before
{Heap before GC invocations=10 (full 1):
 PSYoungGen      total 104448K, used 104421K [0x00000000eae00000, 0x00000000f1f80000, 0x0000000100000000)
  eden space 96256K, 100% used [0x00000000eae00000,0x00000000f0c00000,0x00000000f0c00000)
  from space 8192K, 99% used [0x00000000f1780000,0x00000000f1f79470,0x00000000f1f80000)
  to   space 9728K, 0% used [0x00000000f0c80000,0x00000000f0c80000,0x00000000f1600000)
 ParOldGen       total 35328K, used 7804K [0x00000000c0a00000, 0x00000000c2c80000, 0x00000000eae00000)
  object space 35328K, 22% used [0x00000000c0a00000,0x00000000c119f118,0x00000000c2c80000)
 Metaspace       used 31833K, capacity 32860K, committed 33024K, reserved 1077248K
  class space    used 4105K, capacity 4340K, committed 4352K, reserved 1048576K
Event: 6.071 GC heap after
Heap after GC invocations=10 (full 1):
 PSYoungGen      total 106496K, used 9698K [0x00000000eae00000, 0x00000000f3e80000, 0x0000000100000000)
  eden space 96768K, 0% used [0x00000000eae00000,0x00000000eae00000,0x00000000f0c80000)
  from space 9728K, 99% used [0x00000000f0c80000,0x00000000f15f8a80,0x00000000f1600000)
  to   space 12288K, 0% used [0x00000000f3280000,0x00000000f3280000,0x00000000f3e80000)
 ParOldGen       total 35328K, used 10553K [0x00000000c0a00000, 0x00000000c2c80000, 0x00000000eae00000)
  object space 35328K, 29% used [0x00000000c0a00000,0x00000000c144e7c8,0x00000000c2c80000)
 Metaspace       used 31833K, capacity 32860K, committed 33024K, reserved 1077248K
  class space    used 4105K, capacity 4340K, committed 4352K, reserved 1048576K
}
Event: 7.071 GC heap before
{Heap before GC invocations=11 (full 1):
 PSYoungGen      total 106496K, used 58935K [0x00000000eae00000, 0x00000000f3e80000, 0x0000000100000000)
  eden space 96768K, 50% used [0x00000000eae00000,0x00000000ede15438,0x00000000f0c80000)
  from space 9728K, 99% used [0x00000000f0c80000,0x00000000f15f8a80,0x00000000f1600000)
  to   space 12288K, 0% used [0x00000000f3280000,0x00000000f3280000,0x00000000f3e80000)
 ParOldGen       total 35328K, used 10553K [0x00000000c0a00000, 0x00000000c2c80000, 0x00000000eae00000)
  object space 35328K, 29% used [0x00000000c0a00000,0x00000000c144e7c8,0x00000000c2c80000)
 Metaspace       used 33950K, capacity 35292K, committed 35416K, reserved 1079296K
  class space    used 4377K, capacity 4650K, committed 4736K, reserved 1048576K
Event: 7.081 GC heap after
Heap after GC invocations=11 (full 1):
 PSYoungGen      total 132608K, used 6628K [0x00000000eae00000, 0x00000000f3c80000, 0x0000000100000000)
  eden space 122368K, 0% used [0x00000000eae00000,0x00000000eae00000,0x00000000f2580000)
  from space 10240K, 64% used [0x00000000f3280000,0x00000000f38f9390,0x00000000f3c80000)
  to   space 11776K, 0% used [0x00000000f2580000,0x00000000f2580000,0x00000000f3100000)
 ParOldGen       total 35328K, used 16584K [0x00000000c0a00000, 0x00000000c2c80000, 0x00000000eae00000)
  object space 35328K, 46% used [0x00000000c0a00000,0x00000000c1a322a0,0x00000000c2c80000)
 Metaspace       used 33950K, capacity 35292K, committed 35416K, reserved 1079296K
  class space    used 4377K, capacity 4650K, committed 4736K, reserved 1048576K
}
Event: 7.081 GC heap before
{Heap before GC invocations=12 (full 2):
 PSYoungGen      total 132608K, used 6628K [0x00000000eae00000, 0x00000000f3c80000, 0x0000000100000000)
  eden space 122368K, 0% used [0x00000000eae00000,0x00000000eae00000,0x00000000f2580000)
  from space 10240K, 64% used [0x00000000f3280000,0x00000000f38f9390,0x00000000f3c80000)
  to   space 11776K, 0% used [0x00000000f2580000,0x00000000f2580000,0x00000000f3100000)
 ParOldGen       total 35328K, used 16584K [0x00000000c0a00000, 0x00000000c2c80000, 0x00000000eae00000)
  object space 35328K, 46% used [0x00000000c0a00000,0x00000000c1a322a0,0x00000000c2c80000)
 Metaspace       used 33950K, capacity 35292K, committed 35416K, reserved 1079296K
  class space    used 4377K, capacity 4650K, committed 4736K, reserved 1048576K
Event: 7.126 GC heap after
Heap after GC invocations=12 (full 2):
 PSYoungGen      total 132608K, used 0K [0x00000000eae00000, 0x00000000f3c80000, 0x0000000100000000)
  eden space 122368K, 0% used [0x00000000eae00000,0x00000000eae00000,0x00000000f2580000)
  from space 10240K, 0% used [0x00000000f3280000,0x00000000f3280000,0x00000000f3c80000)
  to   space 11776K, 0% used [0x00000000f2580000,0x00000000f2580000,0x00000000f3100000)
 ParOldGen       total 60416K, used 18830K [0x00000000c0a00000, 0x00000000c4500000, 0x00000000eae00000)
  object space 60416K, 31% used [0x00000000c0a00000,0x00000000c1c63a08,0x00000000c4500000)
 Metaspace       used 33950K, capacity 35292K, committed 35416K, reserved 1079296K
  class space    used 4377K, capacity 4650K, committed 4736K, reserved 1048576K
}

Deoptimization events (10 events):
Event: 7.997 Thread 0x000000001ba47000 Uncommon trap: reason=null_check action=make_not_entrant pc=0x0000000005bd83fc method=org.springframework.core.annotation.AnnotatedElementUtils.searchWithGetSemanticsInAnnotations(Ljava/lang/reflect/AnnotatedElement;Ljava/util/List;Ljava/lang/Class;Ljava/
Event: 7.999 Thread 0x000000001ba47000 Uncommon trap: reason=unstable_if action=reinterpret pc=0x0000000005bd31e4 method=org.springframework.cglib.core.CodeEmitter.emit_invoke(ILorg/springframework/asm/Type;Lorg/springframework/cglib/core/Signature;)V @ 24
Event: 8.063 Thread 0x000000001ba47000 Uncommon trap: reason=unstable_if action=reinterpret pc=0x0000000005ad1bbc method=org.springframework.beans.factory.support.AbstractBeanFactory.isTypeMatch(Ljava/lang/String;Lorg/springframework/core/ResolvableType;)Z @ 471
Event: 9.554 Thread 0x000000001ba47000 Uncommon trap: reason=bimorphic action=maybe_recompile pc=0x00000000059ba8e4 method=java.net.URL.<init>(Ljava/net/URL;Ljava/lang/String;Ljava/net/URLStreamHandler;)V @ 504
Event: 9.554 Thread 0x000000001ba47000 Uncommon trap: reason=class_check action=maybe_recompile pc=0x0000000005b90cb4 method=java.net.URLStreamHandler.parseURL(Ljava/net/URL;Ljava/lang/String;II)V @ 1154
Event: 9.554 Thread 0x000000001ba47000 Uncommon trap: reason=bimorphic action=maybe_recompile pc=0x00000000059ba8e4 method=java.net.URL.<init>(Ljava/net/URL;Ljava/lang/String;Ljava/net/URLStreamHandler;)V @ 504
Event: 9.554 Thread 0x000000001ba47000 Uncommon trap: reason=class_check action=maybe_recompile pc=0x0000000005b90cb4 method=java.net.URLStreamHandler.parseURL(Ljava/net/URL;Ljava/lang/String;II)V @ 1154
Event: 9.578 Thread 0x000000001ba47000 Uncommon trap: reason=class_check action=maybe_recompile pc=0x0000000005a90298 method=java.lang.reflect.Array.newInstance(Ljava/lang/Class;I)Ljava/lang/Object; @ 2
Event: 9.579 Thread 0x000000001ba47000 Uncommon trap: reason=unstable_if action=reinterpret pc=0x0000000005bfc73c method=org.springframework.util.ObjectUtils.nullSafeHashCode(Ljava/lang/Object;)I @ 13
Event: 9.579 Thread 0x000000001ba47000 Uncommon trap: reason=class_check action=maybe_recompile pc=0x0000000005c66efc method=org.springframework.core.ResolvableType.resolveType()Lorg/springframework/core/ResolvableType; @ 14

Internal exceptions (10 events):
Event: 9.601 Thread 0x000000001ba47000 Exception <a 'java/lang/ClassNotFoundException': org/springframework/cloud/client/discovery/composite/CompositeDiscoveryClientAutoConfigurationCustomizer> (0x00000000f18dd490) thrown at [C:\re\workspace\8-2-build-windows-amd64-cygwin\jdk8u111\7883\hotspot
Event: 9.603 Thread 0x000000001ba47000 Exception <a 'java/lang/ClassNotFoundException': org/springframework/cloud/client/discovery/composite/CompositeDiscoveryClientAutoConfiguration$$EnhancerBySpringCGLIB$$e3dcc9eCustomizer> (0x00000000f1929c90) thrown at [C:\re\workspace\8-2-build-windows-am
Event: 9.605 Thread 0x000000001ba47000 Exception <a 'java/lang/ClassNotFoundException': org/springframework/context/annotation/ConfigurationClassEnhancer$EnhancedConfigurationCustomizer> (0x00000000f1968d18) thrown at [C:\re\workspace\8-2-build-windows-amd64-cygwin\jdk8u111\7883\hotspot\src\sh
Event: 9.610 Thread 0x000000001ba47000 Exception <a 'java/lang/ClassNotFoundException': java/lang/ObjectCustomizer> (0x00000000f199ac78) thrown at [C:\re\workspace\8-2-build-windows-amd64-cygwin\jdk8u111\7883\hotspot\src\share\vm\classfile\systemDictionary.cpp, line 210]
Event: 9.612 Thread 0x000000001ba47000 Exception <a 'java/lang/ClassNotFoundException': org/springframework/cloud/netflix/eureka/EurekaDiscoveryClientCustomizer> (0x00000000f19cb908) thrown at [C:\re\workspace\8-2-build-windows-amd64-cygwin\jdk8u111\7883\hotspot\src\share\vm\classfile\systemDi
Event: 9.614 Thread 0x000000001ba47000 Exception <a 'java/lang/ClassNotFoundException': org/springframework/cloud/client/discovery/DiscoveryClientCustomizer> (0x00000000f19fd560) thrown at [C:\re\workspace\8-2-build-windows-amd64-cygwin\jdk8u111\7883\hotspot\src\share\vm\classfile\systemDictio
Event: 9.616 Thread 0x000000001ba47000 Exception <a 'java/lang/ClassNotFoundException': java/lang/ObjectCustomizer> (0x00000000f1a1c520) thrown at [C:\re\workspace\8-2-build-windows-amd64-cygwin\jdk8u111\7883\hotspot\src\share\vm\classfile\systemDictionary.cpp, line 210]
Event: 9.617 Thread 0x000000001ba47000 Exception <a 'java/lang/ClassNotFoundException': org/springframework/cloud/client/discovery/simple/SimpleDiscoveryClientAutoConfigurationCustomizer> (0x00000000f1a57b50) thrown at [C:\re\workspace\8-2-build-windows-amd64-cygwin\jdk8u111\7883\hotspot\src\s
Event: 9.619 Thread 0x000000001ba47000 Exception <a 'java/lang/ClassNotFoundException': org/springframework/cloud/client/discovery/simple/SimpleDiscoveryClientAutoConfiguration$$EnhancerBySpringCGLIB$$da6c656cCustomizer> (0x00000000f1aa1698) thrown at [C:\re\workspace\8-2-build-windows-amd64-c
Event: 9.621 Thread 0x000000001ba47000 Exception <a 'java/lang/ClassNotFoundException': org/springframework/context/annotation/ConfigurationClassEnhancer$EnhancedConfigurationCustomizer> (0x00000000f1ae1808) thrown at [C:\re\workspace\8-2-build-windows-amd64-cygwin\jdk8u111\7883\hotspot\src\sh

Events (10 events):
Event: 9.620 loading class org/springframework/context/annotation/ConfigurationClassEnhancer$EnhancedConfigurationCustomizer
Event: 9.620 loading class org/springframework/context/annotation/ConfigurationClassEnhancer$EnhancedConfigurationCustomizer done
Event: 9.620 loading class org/springframework/context/annotation/ConfigurationClassEnhancer$EnhancedConfigurationCustomizer
Event: 9.620 loading class org/springframework/context/annotation/ConfigurationClassEnhancer$EnhancedConfigurationCustomizer done
Event: 9.621 loading class org/springframework/context/annotation/ConfigurationClassEnhancer$EnhancedConfigurationCustomizer
Event: 9.621 loading class org/springframework/context/annotation/ConfigurationClassEnhancer$EnhancedConfigurationCustomizer done
Event: 9.627 loading class org/springframework/cloud/client/discovery/simple/SimpleDiscoveryClient
Event: 9.627 loading class org/springframework/cloud/client/discovery/simple/SimpleDiscoveryClient done
Event: 9.628 loading class org/springframework/cloud/client/discovery/simple/SimpleDiscoveryProperties$SimpleServiceInstance
Event: 9.628 loading class org/springframework/cloud/client/discovery/simple/SimpleDiscoveryProperties$SimpleServiceInstance done


Dynamic libraries:
0x00007ff636660000 - 0x00007ff636697000 	E:\wwgJDK\jdk1.8.0_111\bin\java.exe
0x00007ffbb08b0000 - 0x00007ffbb0a90000 	C:\WINDOWS\SYSTEM32\ntdll.dll
0x00007ffbaf810000 - 0x00007ffbaf8be000 	C:\WINDOWS\System32\KERNEL32.DLL
0x00007ffbad960000 - 0x00007ffbadbc6000 	C:\WINDOWS\System32\KERNELBASE.dll
0x00007ffbb0420000 - 0x00007ffbb04c1000 	C:\WINDOWS\System32\ADVAPI32.dll
0x00007ffbaf6b0000 - 0x00007ffbaf74d000 	C:\WINDOWS\System32\msvcrt.dll
0x00007ffbaf780000 - 0x00007ffbaf7db000 	C:\WINDOWS\System32\sechost.dll
0x00007ffbafb00000 - 0x00007ffbafc1f000 	C:\WINDOWS\System32\RPCRT4.dll
0x00007ffbb06f0000 - 0x00007ffbb087f000 	C:\WINDOWS\System32\USER32.dll
0x00007ffbacc20000 - 0x00007ffbacc40000 	C:\WINDOWS\System32\win32u.dll
0x00007ffbb03f0000 - 0x00007ffbb0418000 	C:\WINDOWS\System32\GDI32.dll
0x00007ffbad5f0000 - 0x00007ffbad783000 	C:\WINDOWS\System32\gdi32full.dll
0x00007ffbad3a0000 - 0x00007ffbad43b000 	C:\WINDOWS\System32\msvcp_win.dll
0x00007ffbaca70000 - 0x00007ffbacb66000 	C:\WINDOWS\System32\ucrtbase.dll
0x00007ffba1ee0000 - 0x00007ffba2149000 	C:\WINDOWS\WinSxS\amd64_microsoft.windows.common-controls_6595b64144ccf1df_6.0.16299.431_none_15c7d3ee93659e73\COMCTL32.dll
0x00007ffbadd90000 - 0x00007ffbae098000 	C:\WINDOWS\System32\combase.dll
0x00007ffbad490000 - 0x00007ffbad502000 	C:\WINDOWS\System32\bcryptPrimitives.dll
0x00007ffbaf750000 - 0x00007ffbaf77d000 	C:\WINDOWS\System32\IMM32.DLL
0x0000000071920000 - 0x00000000719f2000 	E:\wwgJDK\jdk1.8.0_111\jre\bin\msvcr100.dll
0x0000000071080000 - 0x000000007191a000 	E:\wwgJDK\jdk1.8.0_111\jre\bin\server\jvm.dll
0x00007ffbad510000 - 0x00007ffbad533000 	C:\WINDOWS\System32\WINMM.dll
0x00007ffbac930000 - 0x00007ffbac95a000 	C:\WINDOWS\System32\WINMMBASE.dll
0x00007ffbad5a0000 - 0x00007ffbad5ea000 	C:\WINDOWS\System32\cfgmgr32.dll
0x00007ffbaf800000 - 0x00007ffbaf808000 	C:\WINDOWS\System32\PSAPI.DLL
0x00007ffba8780000 - 0x00007ffba8789000 	C:\WINDOWS\SYSTEM32\WSOCK32.dll
0x00007ffbb04d0000 - 0x00007ffbb053c000 	C:\WINDOWS\System32\WS2_32.dll
0x00007ffba81f0000 - 0x00007ffba81fa000 	C:\WINDOWS\SYSTEM32\VERSION.dll
0x0000000071070000 - 0x000000007107f000 	E:\wwgJDK\jdk1.8.0_111\jre\bin\verify.dll
0x0000000071040000 - 0x0000000071069000 	E:\wwgJDK\jdk1.8.0_111\jre\bin\java.dll
0x0000000071020000 - 0x0000000071036000 	E:\wwgJDK\jdk1.8.0_111\jre\bin\zip.dll
0x00007ffbae0a0000 - 0x00007ffbaf4d8000 	C:\WINDOWS\System32\SHELL32.dll
0x00007ffbaf950000 - 0x00007ffbaf9f6000 	C:\WINDOWS\System32\shcore.dll
0x00007ffbacc40000 - 0x00007ffbad387000 	C:\WINDOWS\System32\windows.storage.dll
0x00007ffbaf650000 - 0x00007ffbaf6a1000 	C:\WINDOWS\System32\shlwapi.dll
0x00007ffbac9a0000 - 0x00007ffbac9b1000 	C:\WINDOWS\System32\kernel.appcore.dll
0x00007ffbad440000 - 0x00007ffbad48c000 	C:\WINDOWS\System32\powrprof.dll
0x00007ffbac980000 - 0x00007ffbac99b000 	C:\WINDOWS\System32\profapi.dll
0x00007ffba8770000 - 0x00007ffba8780000 	E:\wwgTools\ideaIU-2016.3.4.win\bin\breakgen64.dll
0x0000000071000000 - 0x000000007101a000 	E:\wwgJDK\jdk1.8.0_111\jre\bin\net.dll
0x00007ffbac130000 - 0x00007ffbac196000 	C:\WINDOWS\system32\mswsock.dll
0x00007ffbabec0000 - 0x00007ffbabef9000 	C:\WINDOWS\SYSTEM32\IPHLPAPI.DLL
0x00007ffbb06e0000 - 0x00007ffbb06e8000 	C:\WINDOWS\System32\NSI.dll
0x00007ffba8400000 - 0x00007ffba8416000 	C:\WINDOWS\SYSTEM32\dhcpcsvc6.DLL
0x00007ffba81d0000 - 0x00007ffba81ea000 	C:\WINDOWS\SYSTEM32\dhcpcsvc.DLL
0x00007ffbabf00000 - 0x00007ffbabfb6000 	C:\WINDOWS\SYSTEM32\DNSAPI.dll
0x0000000070fd0000 - 0x0000000070fdd000 	E:\wwgJDK\jdk1.8.0_111\jre\bin\management.dll
0x0000000070fe0000 - 0x0000000070ff1000 	E:\wwgJDK\jdk1.8.0_111\jre\bin\nio.dll
0x00007ffb9db70000 - 0x00007ffb9db86000 	C:\WINDOWS\system32\napinsp.dll
0x00007ffb9da80000 - 0x00007ffb9da9a000 	C:\WINDOWS\system32\pnrpnsp.dll
0x00007ffba7a90000 - 0x00007ffba7aa8000 	C:\WINDOWS\system32\NLAapi.dll
0x00007ffb9da70000 - 0x00007ffb9da7e000 	C:\WINDOWS\System32\winrnr.dll
0x00007ffba3bc0000 - 0x00007ffba3bca000 	C:\Windows\System32\rasadhlp.dll
0x00007ffba3880000 - 0x00007ffba38f0000 	C:\WINDOWS\System32\fwpuclnt.dll
0x00007ffbac460000 - 0x00007ffbac485000 	C:\WINDOWS\SYSTEM32\bcrypt.dll
0x00007ffbac350000 - 0x00007ffbac367000 	C:\WINDOWS\SYSTEM32\CRYPTSP.dll
0x00007ffbabd30000 - 0x00007ffbabd63000 	C:\WINDOWS\system32\rsaenh.dll
0x00007ffbac860000 - 0x00007ffbac889000 	C:\WINDOWS\SYSTEM32\USERENV.dll
0x00007ffbac370000 - 0x00007ffbac37b000 	C:\WINDOWS\SYSTEM32\CRYPTBASE.dll

VM Arguments:
jvm_args: -Dspring.output.ansi.enabled=always -Didea.launcher.port=7542 -Didea.launcher.bin.path=E:\wwgTools\ideaIU-2016.3.4.win\bin -Dfile.encoding=UTF-8 
java_command: com.intellij.rt.execution.application.AppMain com.cloud.ServiceRibbonApplication
java_class_path (initial): E:\wwgJDK\jdk1.8.0_111\jre\lib\charsets.jar;E:\wwgJDK\jdk1.8.0_111\jre\lib\deploy.jar;E:\wwgJDK\jdk1.8.0_111\jre\lib\ext\access-bridge-64.jar;E:\wwgJDK\jdk1.8.0_111\jre\lib\ext\cldrdata.jar;E:\wwgJDK\jdk1.8.0_111\jre\lib\ext\dnsns.jar;E:\wwgJDK\jdk1.8.0_111\jre\lib\ext\jaccess.jar;E:\wwgJDK\jdk1.8.0_111\jre\lib\ext\jfxrt.jar;E:\wwgJDK\jdk1.8.0_111\jre\lib\ext\localedata.jar;E:\wwgJDK\jdk1.8.0_111\jre\lib\ext\nashorn.jar;E:\wwgJDK\jdk1.8.0_111\jre\lib\ext\sunec.jar;E:\wwgJDK\jdk1.8.0_111\jre\lib\ext\sunjce_provider.jar;E:\wwgJDK\jdk1.8.0_111\jre\lib\ext\sunmscapi.jar;E:\wwgJDK\jdk1.8.0_111\jre\lib\ext\sunpkcs11.jar;E:\wwgJDK\jdk1.8.0_111\jre\lib\ext\zipfs.jar;E:\wwgJDK\jdk1.8.0_111\jre\lib\javaws.jar;E:\wwgJDK\jdk1.8.0_111\jre\lib\jce.jar;E:\wwgJDK\jdk1.8.0_111\jre\lib\jfr.jar;E:\wwgJDK\jdk1.8.0_111\jre\lib\jfxswt.jar;E:\wwgJDK\jdk1.8.0_111\jre\lib\jsse.jar;E:\wwgJDK\jdk1.8.0_111\jre\lib\management-agent.jar;E:\wwgJDK\jdk1.8.0_111\jre\lib\plugin.jar;E:\wwgJDK\jdk1.8.0_111\jre\lib\resources.jar;E:\wwgJDK\jdk1.8.0_111\jre\lib\rt.jar;E:\wwgProject\springcloud\service-ribbon\target\classes;C:\Users\iel201704\.m2\repository\org\springframework\boot\spring-boot-starter-web\2.0.2.RELEASE\spring-boot-starter-web-2.0.2.RELEASE.jar;C:\Users\iel201704\.m2\repository\org\springframework\boot\spring-boot-starter\2.0.2.RELEASE\spring-boot-starter-2.0.2.RELEASE.jar;C:\Users\iel201704\.m2\repository\org\springframework\boot\spring-boot\2.0.2.RELEASE\spring-boot-2.0.2.RELEASE.jar;C:\Users\iel201704\.m2\repository\org\springframework\boot\spring-boot-autoconfigure\2.0.2.RELEASE\spring-boot-autoconfigure-2.0.2.RELEASE.jar;C:\Users\iel201704\.m2\repository\org\springframework\boot\spring-boot-starter-logging\2.0.2.RELEASE\spring-boot-starter-logging-2.0.2.RELEASE.jar;C:\Users\iel201704\.m2\repository\ch\qos\logback\logback-classic\1.2.3\logback-classic-1.2.3.jar;C:\Users\iel201704\.m2\repository\ch\qos\logback\logback-core\1.2.3\logback-core-1.2.3.jar;C:\Use
Launcher Type: SUN_STANDARD

Environment Variables:
JAVA_HOME=E:\wwgJDK\jdk1.8.0_111
PATH=C:\ProgramData\Oracle\Java\javapath;C:\Program Files (x86)\Intel\iCLS Client\;C:\Program Files\Intel\iCLS Client\;C:\Windows\system32;C:\Windows;C:\Windows\System32\Wbem;C:\Windows\System32\WindowsPowerShell\v1.0\;C:\Program Files (x86)\NVIDIA Corporation\PhysX\Common;C:\Program Files (x86)\Intel\Intel(R) Management Engine Components\DAL;C:\Program Files\Intel\Intel(R) Management Engine Components\DAL;C:\Program Files (x86)\Intel\Intel(R) Management Engine Components\IPT;C:\Program Files\Intel\Intel(R) Management Engine Components\IPT;E:\wwgJDK\jdk1.8.0_111\bin;E:\wwgJDK\jdk1.8.0_111\jre\bin;C:\Java\apache-maven-3.3.9\bin;C:\Program Files\TortoiseSVN\bin;C:\Program Files\Git\cmd;C:\Program Files\Git\mingw64\bin;C:\Program Files\Git\usr\bin;C:\Program Files\nodejs\;C:\WINDOWS\system32;C:\WINDOWS;C:\WINDOWS\System32\Wbem;C:\WINDOWS\System32\WindowsPowerShell\v1.0\;C:\Program Files\dotnet\;C:\Users\iel201704\AppData\Local\Programs\Python\Python36\Scripts\;C:\Users\iel201704\AppData\Local\Programs\Python\Python36\;C:\Users\iel201704\AppData\Roaming\npm;C:\Users\iel201704\AppData\Local\GitHubDesktop\bin;D:\platform-tools-latest-windows\platform-tools;C:\Users\iel201704\AppData\Local\Programs\Python\Python36;C:\Users\iel201704\AppData\Local\Programs\Python\Python36\Scripts;C:\Users\iel201704\AppData\Local\Microsoft\WindowsApps;
USERNAME=iel201704
OS=Windows_NT
PROCESSOR_IDENTIFIER=Intel64 Family 6 Model 94 Stepping 3, GenuineIntel



---------------  S Y S T E M  ---------------

OS: Windows 10.0 , 64 bit Build 16299 (10.0.16299.431)

CPU:total 4 (4 cores per cpu, 1 threads per core) family 6 model 94 stepping 3, cmov, cx8, fxsr, mmx, sse, sse2, sse3, ssse3, sse4.1, sse4.2, popcnt, avx, avx2, clmul, erms, 3dnowpref, lzcnt, tsc, tscinvbit, bmi1, bmi2, adx

Memory: 4k page, physical 4145672k(386920k free), swap 8299016k(4828k free)

vm_info: Java HotSpot(TM) 64-Bit Server VM (25.111-b14) for windows-amd64 JRE (1.8.0_111-b14), built on Sep 22 2016 19:24:05 by "java_re" with MS VC++ 10.0 (VS2010)

time: Tue Jun 12 15:58:50 2018
elapsed time: 9 seconds (0d 0h 0m 9s)

