#
# There is insufficient memory for the Java Runtime Environment to continue.
# Native memory allocation (malloc) failed to allocate 1103328 bytes for Chunk::new
# Possible reasons:
#   The system is out of physical RAM or swap space
#   In 32 bit mode, the process size limit was hit
# Possible solutions:
#   Reduce memory load on the system
#   Increase physical memory or swap space
#   Check if swap backing store is full
#   Use 64 bit Java on a 64 bit OS
#   Decrease Java heap size (-Xmx/-Xms)
#   Decrease number of Java threads
#   Decrease Java thread stack sizes (-Xss)
#   Set larger code cache with -XX:ReservedCodeCacheSize=
# This output file may be truncated or incomplete.
#
#  Out of Memory Error (allocation.cpp:390), pid=2196, tid=0x0000000000002548
#
# JRE version: Java(TM) SE Runtime Environment (8.0_111-b14) (build 1.8.0_111-b14)
# Java VM: Java HotSpot(TM) 64-Bit Server VM (25.111-b14 mixed mode windows-amd64 compressed oops)
# Failed to write core dump. Minidumps are not enabled by default on client versions of Windows
#

---------------  T H R E A D  ---------------

Current thread (0x0000000017ecb000):  JavaThread "C2 CompilerThread1" daemon [_thread_in_native, id=9544, stack(0x00000000199f0000,0x0000000019af0000)]

Stack: [0x00000000199f0000,0x0000000019af0000]
[error occurred during error reporting (printing stack bounds), id 0xc0000005]

Native frames: (J=compiled Java code, j=interpreted, Vv=VM code, C=native code)


Current CompileTask:
C2:  15161 5318       4       sun.reflect.generics.parser.SignatureParser::parsePackageNameAndSimpleClassTypeSignature (139 bytes)


---------------  P R O C E S S  ---------------

Java Threads: ( => current thread )
  0x000000001df85000 JavaThread "AsyncResolver-bootstrap-0" daemon [_thread_blocked, id=5244, stack(0x0000000022630000,0x0000000022730000)]
  0x000000001df84000 JavaThread "Eureka-JerseyClient-Conn-Cleaner2" daemon [_thread_blocked, id=12844, stack(0x0000000021350000,0x0000000021450000)]
  0x000000001df82000 JavaThread "container-0" [_thread_blocked, id=10736, stack(0x0000000020c50000,0x0000000020d50000)]
  0x000000001df81000 JavaThread "ContainerBackgroundProcessor[StandardEngine[Tomcat]]" daemon [_thread_blocked, id=2096, stack(0x0000000020b50000,0x0000000020c50000)]
  0x000000001d73a800 JavaThread "SimplePauseDetectorThread_0" daemon [_thread_blocked, id=12608, stack(0x00000000208f0000,0x00000000209f0000)]
  0x000000001d739800 JavaThread "Thread-5" daemon [_thread_blocked, id=9488, stack(0x00000000207f0000,0x00000000208f0000)]
  0x000000001cb49800 JavaThread "spring.cloud.inetutils" daemon [_thread_in_native, id=11764, stack(0x00000000206f0000,0x00000000207f0000)]
  0x000000001d07e000 JavaThread "localhost-startStop-1" daemon [_thread_blocked, id=4396, stack(0x000000001f420000,0x000000001f520000)]
  0x000000001ce4b800 JavaThread "Tomcat-startStop-1" daemon [_thread_blocked, id=1392, stack(0x000000001f320000,0x000000001f420000)]
  0x000000001a0fc000 JavaThread "Monitor Ctrl-Break" daemon [_thread_in_native, id=5076, stack(0x000000001a6a0000,0x000000001a7a0000)]
  0x0000000019378800 JavaThread "Service Thread" daemon [_thread_blocked, id=9184, stack(0x0000000019bf0000,0x0000000019cf0000)]
  0x0000000017ece800 JavaThread "C1 CompilerThread2" daemon [_thread_blocked, id=4684, stack(0x0000000019af0000,0x0000000019bf0000)]
=>0x0000000017ecb000 JavaThread "C2 CompilerThread1" daemon [_thread_in_native, id=9544, stack(0x00000000199f0000,0x0000000019af0000)]
  0x0000000017ec9000 JavaThread "C2 CompilerThread0" daemon [_thread_in_native, id=8224, stack(0x00000000198f0000,0x00000000199f0000)]
  0x0000000017ec8000 JavaThread "Attach Listener" daemon [_thread_blocked, id=1696, stack(0x00000000197f0000,0x00000000198f0000)]
  0x0000000017eb6000 JavaThread "Signal Dispatcher" daemon [_thread_blocked, id=4764, stack(0x00000000196f0000,0x00000000197f0000)]
  0x0000000017e90000 JavaThread "Finalizer" daemon [_thread_blocked, id=13120, stack(0x00000000190f0000,0x00000000191f0000)]
  0x0000000005826800 JavaThread "Reference Handler" daemon [_thread_blocked, id=7204, stack(0x0000000018ff0000,0x00000000190f0000)]
  0x0000000005738000 JavaThread "main" [_thread_in_vm, id=5416, stack(0x0000000005610000,0x0000000005710000)]

Other Threads:
  0x0000000017e66800 VMThread [stack: 0x0000000018ef0000,0x0000000018ff0000] [id=11048]
  0x00000000193de800 WatcherThread [stack: 0x0000000019cf0000,0x0000000019df0000] [id=8440]

VM state:not at safepoint (normal execution)

VM Mutex/Monitor currently owned by a thread: None

Heap:
 PSYoungGen      total 200192K, used 36718K [0x00000000eae00000, 0x00000000fc280000, 0x0000000100000000)
  eden space 188928K, 13% used [0x00000000eae00000,0x00000000ec6e0918,0x00000000f6680000)
  from space 11264K, 99% used [0x00000000f6680000,0x00000000f717b120,0x00000000f7180000)
  to   space 14848K, 0% used [0x00000000fb400000,0x00000000fb400000,0x00000000fc280000)
 ParOldGen       total 56832K, used 29083K [0x00000000c0a00000, 0x00000000c4180000, 0x00000000eae00000)
  object space 56832K, 51% used [0x00000000c0a00000,0x00000000c2666da0,0x00000000c4180000)
 Metaspace       used 48745K, capacity 50890K, committed 51160K, reserved 1093632K
  class space    used 6415K, capacity 6785K, committed 6912K, reserved 1048576K

Card table byte_map: [0x0000000014bf0000,0x0000000014df0000] byte_map_base: 0x00000000145eb000

Marking Bits: (ParMarkBitMap*) 0x000000007189a6c0
 Begin Bits: [0x0000000015350000, 0x0000000016328000)
 End Bits:   [0x0000000016328000, 0x0000000017300000)

Polling page: 0x0000000003410000

CodeCache: size=245760Kb used=17343Kb max_used=17358Kb free=228416Kb
 bounds [0x0000000005830000, 0x0000000006950000, 0x0000000014830000]
 total_blobs=5150 nmethods=4683 adapters=378
 compilation: enabled

Compilation events (10 events):
Event: 15.094 Thread 0x0000000017ece800 5426   !   2       java.net.URL::<init> (543 bytes)
Event: 15.096 Thread 0x0000000017ece800 nmethod 5426 0x0000000005ed7c50 code [0x0000000005ed7fa0, 0x0000000005ed9198]
Event: 15.105 Thread 0x0000000017ece800 5427       2       java.util.Collections$UnmodifiableMap$UnmodifiableEntrySet$1::next (5 bytes)
Event: 15.105 Thread 0x0000000017ece800 nmethod 5427 0x000000000652f610 code [0x000000000652f7a0, 0x000000000652fa78]
Event: 15.105 Thread 0x0000000017ece800 5428       2       java.util.Collections$UnmodifiableMap$UnmodifiableEntrySet$1::next (20 bytes)
Event: 15.105 Thread 0x0000000017ece800 nmethod 5428 0x000000000652f010 code [0x000000000652f1a0, 0x000000000652f478]
Event: 15.153 Thread 0x0000000017ece800 5429   !   2       sun.reflect.GeneratedConstructorAccessor1::newInstance (49 bytes)
Event: 15.153 Thread 0x0000000017ece800 nmethod 5429 0x000000000652e750 code [0x000000000652e900, 0x000000000652ed58]
Event: 15.155 Thread 0x0000000017ece800 5430       2       java.net.URLStreamHandler::setURL (159 bytes)
Event: 15.156 Thread 0x0000000017ece800 nmethod 5430 0x0000000005ed6dd0 code [0x0000000005ed6fe0, 0x0000000005ed76a8]

GC Heap History (10 events):
Event: 7.836 GC heap before
{Heap before GC invocations=11 (full 1):
 PSYoungGen      total 115200K, used 47771K [0x00000000eae00000, 0x00000000f5300000, 0x0000000100000000)
  eden space 104960K, 35% used [0x00000000eae00000,0x00000000ed2aa9a8,0x00000000f1480000)
  from space 10240K, 99% used [0x00000000f1480000,0x00000000f1e7c610,0x00000000f1e80000)
  to   space 12800K, 0% used [0x00000000f4680000,0x00000000f4680000,0x00000000f5300000)
 ParOldGen       total 33280K, used 11809K [0x00000000c0a00000, 0x00000000c2a80000, 0x00000000eae00000)
  object space 33280K, 35% used [0x00000000c0a00000,0x00000000c15886c8,0x00000000c2a80000)
 Metaspace       used 34021K, capacity 35296K, committed 35416K, reserved 1079296K
  class space    used 4383K, capacity 4650K, committed 4736K, reserved 1048576K
Event: 7.850 GC heap after
Heap after GC invocations=11 (full 1):
 PSYoungGen      total 156672K, used 6348K [0x00000000eae00000, 0x00000000f5300000, 0x0000000100000000)
  eden space 143872K, 0% used [0x00000000eae00000,0x00000000eae00000,0x00000000f3a80000)
  from space 12800K, 49% used [0x00000000f4680000,0x00000000f4cb30e0,0x00000000f5300000)
  to   space 12288K, 0% used [0x00000000f3a80000,0x00000000f3a80000,0x00000000f4680000)
 ParOldGen       total 33280K, used 18674K [0x00000000c0a00000, 0x00000000c2a80000, 0x00000000eae00000)
  object space 33280K, 56% used [0x00000000c0a00000,0x00000000c1c3c830,0x00000000c2a80000)
 Metaspace       used 34021K, capacity 35296K, committed 35416K, reserved 1079296K
  class space    used 4383K, capacity 4650K, committed 4736K, reserved 1048576K
}
Event: 7.851 GC heap before
{Heap before GC invocations=12 (full 2):
 PSYoungGen      total 156672K, used 6348K [0x00000000eae00000, 0x00000000f5300000, 0x0000000100000000)
  eden space 143872K, 0% used [0x00000000eae00000,0x00000000eae00000,0x00000000f3a80000)
  from space 12800K, 49% used [0x00000000f4680000,0x00000000f4cb30e0,0x00000000f5300000)
  to   space 12288K, 0% used [0x00000000f3a80000,0x00000000f3a80000,0x00000000f4680000)
 ParOldGen       total 33280K, used 18674K [0x00000000c0a00000, 0x00000000c2a80000, 0x00000000eae00000)
  object space 33280K, 56% used [0x00000000c0a00000,0x00000000c1c3c830,0x00000000c2a80000)
 Metaspace       used 34021K, capacity 35296K, committed 35416K, reserved 1079296K
  class space    used 4383K, capacity 4650K, committed 4736K, reserved 1048576K
Event: 7.910 GC heap after
Heap after GC invocations=12 (full 2):
 PSYoungGen      total 156672K, used 0K [0x00000000eae00000, 0x00000000f5300000, 0x0000000100000000)
  eden space 143872K, 0% used [0x00000000eae00000,0x00000000eae00000,0x00000000f3a80000)
  from space 12800K, 0% used [0x00000000f4680000,0x00000000f4680000,0x00000000f5300000)
  to   space 12288K, 0% used [0x00000000f3a80000,0x00000000f3a80000,0x00000000f4680000)
 ParOldGen       total 56832K, used 18644K [0x00000000c0a00000, 0x00000000c4180000, 0x00000000eae00000)
  object space 56832K, 32% used [0x00000000c0a00000,0x00000000c1c352b8,0x00000000c4180000)
 Metaspace       used 34021K, capacity 35296K, committed 35416K, reserved 1079296K
  class space    used 4383K, capacity 4650K, committed 4736K, reserved 1048576K
}
Event: 11.974 GC heap before
{Heap before GC invocations=13 (full 2):
 PSYoungGen      total 156672K, used 143872K [0x00000000eae00000, 0x00000000f5300000, 0x0000000100000000)
  eden space 143872K, 100% used [0x00000000eae00000,0x00000000f3a80000,0x00000000f3a80000)
  from space 12800K, 0% used [0x00000000f4680000,0x00000000f4680000,0x00000000f5300000)
  to   space 12288K, 0% used [0x00000000f3a80000,0x00000000f3a80000,0x00000000f4680000)
 ParOldGen       total 56832K, used 18644K [0x00000000c0a00000, 0x00000000c4180000, 0x00000000eae00000)
  object space 56832K, 32% used [0x00000000c0a00000,0x00000000c1c352b8,0x00000000c4180000)
 Metaspace       used 37068K, capacity 38666K, committed 38872K, reserved 1083392K
  class space    used 4792K, capacity 5087K, committed 5120K, reserved 1048576K
Event: 11.982 GC heap after
Heap after GC invocations=13 (full 2):
 PSYoungGen      total 156160K, used 6341K [0x00000000eae00000, 0x00000000f7d00000, 0x0000000100000000)
  eden space 143872K, 0% used [0x00000000eae00000,0x00000000eae00000,0x00000000f3a80000)
  from space 12288K, 51% used [0x00000000f3a80000,0x00000000f40b17c0,0x00000000f4680000)
  to   space 11776K, 0% used [0x00000000f7180000,0x00000000f7180000,0x00000000f7d00000)
 ParOldGen       total 56832K, used 18652K [0x00000000c0a00000, 0x00000000c4180000, 0x00000000eae00000)
  object space 56832K, 32% used [0x00000000c0a00000,0x00000000c1c372b8,0x00000000c4180000)
 Metaspace       used 37068K, capacity 38666K, committed 38872K, reserved 1083392K
  class space    used 4792K, capacity 5087K, committed 5120K, reserved 1048576K
}
Event: 13.365 GC heap before
{Heap before GC invocations=14 (full 2):
 PSYoungGen      total 156160K, used 150213K [0x00000000eae00000, 0x00000000f7d00000, 0x0000000100000000)
  eden space 143872K, 100% used [0x00000000eae00000,0x00000000f3a80000,0x00000000f3a80000)
  from space 12288K, 51% used [0x00000000f3a80000,0x00000000f40b17c0,0x00000000f4680000)
  to   space 11776K, 0% used [0x00000000f7180000,0x00000000f7180000,0x00000000f7d00000)
 ParOldGen       total 56832K, used 18652K [0x00000000c0a00000, 0x00000000c4180000, 0x00000000eae00000)
  object space 56832K, 32% used [0x00000000c0a00000,0x00000000c1c372b8,0x00000000c4180000)
 Metaspace       used 40248K, capacity 42062K, committed 42200K, reserved 1085440K
  class space    used 5212K, capacity 5545K, committed 5632K, reserved 1048576K
Event: 13.394 GC heap after
Heap after GC invocations=14 (full 2):
 PSYoungGen      total 200704K, used 7014K [0x00000000eae00000, 0x00000000f7f80000, 0x0000000100000000)
  eden space 188928K, 0% used [0x00000000eae00000,0x00000000eae00000,0x00000000f6680000)
  from space 11776K, 59% used [0x00000000f7180000,0x00000000f7859bf8,0x00000000f7d00000)
  to   space 11264K, 0% used [0x00000000f6680000,0x00000000f6680000,0x00000000f7180000)
 ParOldGen       total 56832K, used 22931K [0x00000000c0a00000, 0x00000000c4180000, 0x00000000eae00000)
  object space 56832K, 40% used [0x00000000c0a00000,0x00000000c2064cb8,0x00000000c4180000)
 Metaspace       used 40248K, capacity 42062K, committed 42200K, reserved 1085440K
  class space    used 5212K, capacity 5545K, committed 5632K, reserved 1048576K
}
Event: 14.811 GC heap before
{Heap before GC invocations=15 (full 2):
 PSYoungGen      total 200704K, used 195942K [0x00000000eae00000, 0x00000000f7f80000, 0x0000000100000000)
  eden space 188928K, 100% used [0x00000000eae00000,0x00000000f6680000,0x00000000f6680000)
  from space 11776K, 59% used [0x00000000f7180000,0x00000000f7859bf8,0x00000000f7d00000)
  to   space 11264K, 0% used [0x00000000f6680000,0x00000000f6680000,0x00000000f7180000)
 ParOldGen       total 56832K, used 22931K [0x00000000c0a00000, 0x00000000c4180000, 0x00000000eae00000)
  object space 56832K, 40% used [0x00000000c0a00000,0x00000000c2064cb8,0x00000000c4180000)
 Metaspace       used 47696K, capacity 49850K, committed 49880K, reserved 1093632K
  class space    used 6261K, capacity 6655K, committed 6656K, reserved 1048576K
Event: 14.835 GC heap after
Heap after GC invocations=15 (full 2):
 PSYoungGen      total 200192K, used 11244K [0x00000000eae00000, 0x00000000fc280000, 0x0000000100000000)
  eden space 188928K, 0% used [0x00000000eae00000,0x00000000eae00000,0x00000000f6680000)
  from space 11264K, 99% used [0x00000000f6680000,0x00000000f717b120,0x00000000f7180000)
  to   space 14848K, 0% used [0x00000000fb400000,0x00000000fb400000,0x00000000fc280000)
 ParOldGen       total 56832K, used 29083K [0x00000000c0a00000, 0x00000000c4180000, 0x00000000eae00000)
  object space 56832K, 51% used [0x00000000c0a00000,0x00000000c2666da0,0x00000000c4180000)
 Metaspace       used 47696K, capacity 49850K, committed 49880K, reserved 1093632K
  class space    used 6261K, capacity 6655K, committed 6656K, reserved 1048576K
}

Deoptimization events (10 events):
Event: 14.583 Thread 0x0000000005738000 Uncommon trap: reason=class_check action=maybe_recompile pc=0x0000000006782000 method=java.util.TreeMap.put(Ljava/lang/Object;Ljava/lang/Object;)Ljava/lang/Object; @ 127
Event: 14.583 Thread 0x0000000005738000 Uncommon trap: reason=class_check action=maybe_recompile pc=0x0000000006782000 method=java.util.TreeMap.put(Ljava/lang/Object;Ljava/lang/Object;)Ljava/lang/Object; @ 127
Event: 14.584 Thread 0x0000000005738000 Uncommon trap: reason=class_check action=maybe_recompile pc=0x0000000006782000 method=java.util.TreeMap.put(Ljava/lang/Object;Ljava/lang/Object;)Ljava/lang/Object; @ 127
Event: 14.584 Thread 0x0000000005738000 Uncommon trap: reason=class_check action=maybe_recompile pc=0x0000000006782000 method=java.util.TreeMap.put(Ljava/lang/Object;Ljava/lang/Object;)Ljava/lang/Object; @ 127
Event: 14.657 Thread 0x0000000005738000 Uncommon trap: reason=null_check action=make_not_entrant pc=0x0000000006773aa0 method=java.lang.Class.createAnnotationData(I)Ljava/lang/Class$AnnotationData; @ 14
Event: 14.738 Thread 0x0000000005738000 Uncommon trap: reason=unstable_if action=reinterpret pc=0x0000000006773198 method=java.util.ArrayList.indexOf(Ljava/lang/Object;)I @ 1
Event: 14.751 Thread 0x0000000005738000 Uncommon trap: reason=unstable_if action=reinterpret pc=0x000000000599c520 method=sun.reflect.annotation.AnnotationParser.parseStringArray(ILjava/nio/ByteBuffer;Lsun/reflect/ConstantPool;)Ljava/lang/Object; @ 17
Event: 14.928 Thread 0x0000000005738000 Uncommon trap: reason=bimorphic action=maybe_recompile pc=0x00000000062c85e8 method=java.net.URL.<init>(Ljava/net/URL;Ljava/lang/String;Ljava/net/URLStreamHandler;)V @ 504
Event: 14.928 Thread 0x0000000005738000 Uncommon trap: reason=unstable_if action=reinterpret pc=0x00000000064c30f4 method=java.net.URLStreamHandler.parseURL(Ljava/net/URL;Ljava/lang/String;II)V @ 155
Event: 15.092 Thread 0x0000000005738000 Uncommon trap: reason=bimorphic action=maybe_recompile pc=0x00000000062c85e8 method=java.net.URL.<init>(Ljava/net/URL;Ljava/lang/String;Ljava/net/URLStreamHandler;)V @ 504

Internal exceptions (10 events):
Event: 14.175 Thread 0x0000000005738000 Exception <a 'java/lang/ClassNotFoundException': org/springframework/beans/factory/DisposableBeanCustomizer> (0x00000000f31786e0) thrown at [C:\re\workspace\8-2-build-windows-amd64-cygwin\jdk8u111\7883\hotspot\src\share\vm\classfile\systemDictionary.cpp, 
Event: 14.179 Thread 0x0000000005738000 Exception <a 'java/lang/ClassNotFoundException': java/lang/ObjectCustomizer> (0x00000000f31a34a0) thrown at [C:\re\workspace\8-2-build-windows-amd64-cygwin\jdk8u111\7883\hotspot\src\share\vm\classfile\systemDictionary.cpp, line 210]
Event: 14.179 Thread 0x0000000005738000 Exception <a 'java/lang/ClassNotFoundException': org/springframework/jmx/export/metadata/AbstractJmxAttributeCustomizer> (0x00000000f31ce430) thrown at [C:\re\workspace\8-2-build-windows-amd64-cygwin\jdk8u111\7883\hotspot\src\share\vm\classfile\systemDict
Event: 14.180 Thread 0x0000000005738000 Exception <a 'java/lang/ClassNotFoundException': org/springframework/jmx/export/metadata/ManagedAttributeCustomizer> (0x00000000f31f9170) thrown at [C:\re\workspace\8-2-build-windows-amd64-cygwin\jdk8u111\7883\hotspot\src\share\vm\classfile\systemDictiona
Event: 14.201 Thread 0x0000000005738000 Exception <a 'java/lang/ClassNotFoundException': java/lang/ObjectCustomizer> (0x00000000f33535f8) thrown at [C:\re\workspace\8-2-build-windows-amd64-cygwin\jdk8u111\7883\hotspot\src\share\vm\classfile\systemDictionary.cpp, line 210]
Event: 14.201 Thread 0x0000000005738000 Exception <a 'java/lang/ClassNotFoundException': com/netflix/appinfo/ApplicationInfoManagerCustomizer> (0x00000000f3376d78) thrown at [C:\re\workspace\8-2-build-windows-amd64-cygwin\jdk8u111\7883\hotspot\src\share\vm\classfile\systemDictionary.cpp, line 2
Event: 14.539 Thread 0x0000000005738000 Implicit null exception at 0x0000000005f87d63 to 0x0000000005f87fdd
Event: 14.738 Thread 0x0000000005738000 Implicit null exception at 0x0000000006772f0f to 0x0000000006773185
Event: 14.849 Thread 0x0000000005738000 Exception <a 'java/lang/NoClassDefFoundError': javax/mail/MessagingException> (0x00000000eb0121f8) thrown at [C:\re\workspace\8-2-build-windows-amd64-cygwin\jdk8u111\7883\hotspot\src\share\vm\classfile\systemDictionary.cpp, line 199]
Event: 14.888 Thread 0x0000000005738000 Exception <a 'java/lang/NoClassDefFoundError': javax/mail/MessagingException> (0x00000000eb7f5458) thrown at [C:\re\workspace\8-2-build-windows-amd64-cygwin\jdk8u111\7883\hotspot\src\share\vm\classfile\systemDictionary.cpp, line 199]

Events (10 events):
Event: 15.154 loading class org/apache/http/impl/client/DefaultRequestDirector
Event: 15.154 loading class org/apache/http/impl/client/DefaultRequestDirector done
Event: 15.155 loading class org/apache/http/impl/client/TunnelRefusedException
Event: 15.155 loading class org/apache/http/impl/client/TunnelRefusedException done
Event: 15.155 loading class org/apache/http/impl/conn/ConnectionShutdownException
Event: 15.155 loading class org/apache/http/impl/conn/ConnectionShutdownException done
Event: 15.156 loading class org/apache/http/conn/ConnectionReleaseTrigger
Event: 15.156 loading class org/apache/http/conn/ConnectionReleaseTrigger done
Event: 15.157 loading class org/apache/http/auth/AuthProtocolState
Event: 15.157 loading class org/apache/http/auth/AuthProtocolState done


Dynamic libraries:
0x00007ff636660000 - 0x00007ff636697000 	E:\wwgJDK\jdk1.8.0_111\bin\java.exe
0x00007ffbb08b0000 - 0x00007ffbb0a90000 	C:\WINDOWS\SYSTEM32\ntdll.dll
0x00007ffbaf810000 - 0x00007ffbaf8be000 	C:\WINDOWS\System32\KERNEL32.DLL
0x00007ffbad960000 - 0x00007ffbadbc6000 	C:\WINDOWS\System32\KERNELBASE.dll
0x00007ffbb0420000 - 0x00007ffbb04c1000 	C:\WINDOWS\System32\ADVAPI32.dll
0x00007ffbaf6b0000 - 0x00007ffbaf74d000 	C:\WINDOWS\System32\msvcrt.dll
0x00007ffbaf780000 - 0x00007ffbaf7db000 	C:\WINDOWS\System32\sechost.dll
0x00007ffbafb00000 - 0x00007ffbafc1f000 	C:\WINDOWS\System32\RPCRT4.dll
0x00007ffbb06f0000 - 0x00007ffbb087f000 	C:\WINDOWS\System32\USER32.dll
0x00007ffbacc20000 - 0x00007ffbacc40000 	C:\WINDOWS\System32\win32u.dll
0x00007ffbb03f0000 - 0x00007ffbb0418000 	C:\WINDOWS\System32\GDI32.dll
0x00007ffbad5f0000 - 0x00007ffbad783000 	C:\WINDOWS\System32\gdi32full.dll
0x00007ffbad3a0000 - 0x00007ffbad43b000 	C:\WINDOWS\System32\msvcp_win.dll
0x00007ffbaca70000 - 0x00007ffbacb66000 	C:\WINDOWS\System32\ucrtbase.dll
0x00007ffba1ee0000 - 0x00007ffba2149000 	C:\WINDOWS\WinSxS\amd64_microsoft.windows.common-controls_6595b64144ccf1df_6.0.16299.431_none_15c7d3ee93659e73\COMCTL32.dll
0x00007ffbadd90000 - 0x00007ffbae098000 	C:\WINDOWS\System32\combase.dll
0x00007ffbad490000 - 0x00007ffbad502000 	C:\WINDOWS\System32\bcryptPrimitives.dll
0x00007ffbaf750000 - 0x00007ffbaf77d000 	C:\WINDOWS\System32\IMM32.DLL
0x0000000071920000 - 0x00000000719f2000 	E:\wwgJDK\jdk1.8.0_111\jre\bin\msvcr100.dll
0x0000000071080000 - 0x000000007191a000 	E:\wwgJDK\jdk1.8.0_111\jre\bin\server\jvm.dll
0x00007ffbad510000 - 0x00007ffbad533000 	C:\WINDOWS\System32\WINMM.dll
0x00007ffbac930000 - 0x00007ffbac95a000 	C:\WINDOWS\System32\WINMMBASE.dll
0x00007ffbad5a0000 - 0x00007ffbad5ea000 	C:\WINDOWS\System32\cfgmgr32.dll
0x00007ffbaf800000 - 0x00007ffbaf808000 	C:\WINDOWS\System32\PSAPI.DLL
0x00007ffba81f0000 - 0x00007ffba81fa000 	C:\WINDOWS\SYSTEM32\VERSION.dll
0x00007ffba8780000 - 0x00007ffba8789000 	C:\WINDOWS\SYSTEM32\WSOCK32.dll
0x00007ffbb04d0000 - 0x00007ffbb053c000 	C:\WINDOWS\System32\WS2_32.dll
0x0000000071070000 - 0x000000007107f000 	E:\wwgJDK\jdk1.8.0_111\jre\bin\verify.dll
0x0000000071040000 - 0x0000000071069000 	E:\wwgJDK\jdk1.8.0_111\jre\bin\java.dll
0x0000000071020000 - 0x0000000071036000 	E:\wwgJDK\jdk1.8.0_111\jre\bin\zip.dll
0x00007ffbae0a0000 - 0x00007ffbaf4d8000 	C:\WINDOWS\System32\SHELL32.dll
0x00007ffbaf950000 - 0x00007ffbaf9f6000 	C:\WINDOWS\System32\shcore.dll
0x00007ffbacc40000 - 0x00007ffbad387000 	C:\WINDOWS\System32\windows.storage.dll
0x00007ffbaf650000 - 0x00007ffbaf6a1000 	C:\WINDOWS\System32\shlwapi.dll
0x00007ffbac9a0000 - 0x00007ffbac9b1000 	C:\WINDOWS\System32\kernel.appcore.dll
0x00007ffbad440000 - 0x00007ffbad48c000 	C:\WINDOWS\System32\powrprof.dll
0x00007ffbac980000 - 0x00007ffbac99b000 	C:\WINDOWS\System32\profapi.dll
0x00007ffba76f0000 - 0x00007ffba7700000 	E:\wwgTools\ideaIU-2016.3.4.win\bin\breakgen64.dll
0x0000000071000000 - 0x000000007101a000 	E:\wwgJDK\jdk1.8.0_111\jre\bin\net.dll
0x00007ffbac130000 - 0x00007ffbac196000 	C:\WINDOWS\system32\mswsock.dll
0x00007ffbabec0000 - 0x00007ffbabef9000 	C:\WINDOWS\SYSTEM32\IPHLPAPI.DLL
0x00007ffbb06e0000 - 0x00007ffbb06e8000 	C:\WINDOWS\System32\NSI.dll
0x00007ffba8400000 - 0x00007ffba8416000 	C:\WINDOWS\SYSTEM32\dhcpcsvc6.DLL
0x00007ffba81d0000 - 0x00007ffba81ea000 	C:\WINDOWS\SYSTEM32\dhcpcsvc.DLL
0x00007ffbabf00000 - 0x00007ffbabfb6000 	C:\WINDOWS\SYSTEM32\DNSAPI.dll
0x0000000070fd0000 - 0x0000000070fdd000 	E:\wwgJDK\jdk1.8.0_111\jre\bin\management.dll
0x0000000070fe0000 - 0x0000000070ff1000 	E:\wwgJDK\jdk1.8.0_111\jre\bin\nio.dll
0x00007ffb9db70000 - 0x00007ffb9db86000 	C:\WINDOWS\system32\napinsp.dll
0x00007ffb9da80000 - 0x00007ffb9da9a000 	C:\WINDOWS\system32\pnrpnsp.dll
0x00007ffba7a90000 - 0x00007ffba7aa8000 	C:\WINDOWS\system32\NLAapi.dll
0x00007ffb9da70000 - 0x00007ffb9da7e000 	C:\WINDOWS\System32\winrnr.dll
0x00007ffba3bc0000 - 0x00007ffba3bca000 	C:\Windows\System32\rasadhlp.dll
0x00007ffba3880000 - 0x00007ffba38f0000 	C:\WINDOWS\System32\fwpuclnt.dll
0x00007ffbac460000 - 0x00007ffbac485000 	C:\WINDOWS\SYSTEM32\bcrypt.dll
0x00007ffbac350000 - 0x00007ffbac367000 	C:\WINDOWS\SYSTEM32\CRYPTSP.dll
0x00007ffbabd30000 - 0x00007ffbabd63000 	C:\WINDOWS\system32\rsaenh.dll
0x00007ffbac860000 - 0x00007ffbac889000 	C:\WINDOWS\SYSTEM32\USERENV.dll
0x00007ffbac370000 - 0x00007ffbac37b000 	C:\WINDOWS\SYSTEM32\CRYPTBASE.dll
0x0000000070c10000 - 0x0000000070c34000 	E:\wwgJDK\jdk1.8.0_111\jre\bin\sunec.dll

VM Arguments:
jvm_args: -Dspring.output.ansi.enabled=always -Didea.launcher.port=7538 -Didea.launcher.bin.path=E:\wwgTools\ideaIU-2016.3.4.win\bin -Dfile.encoding=UTF-8 
java_command: com.intellij.rt.execution.application.AppMain com.cloud.ServiceRibbonApplication
java_class_path (initial): E:\wwgJDK\jdk1.8.0_111\jre\lib\charsets.jar;E:\wwgJDK\jdk1.8.0_111\jre\lib\deploy.jar;E:\wwgJDK\jdk1.8.0_111\jre\lib\ext\access-bridge-64.jar;E:\wwgJDK\jdk1.8.0_111\jre\lib\ext\cldrdata.jar;E:\wwgJDK\jdk1.8.0_111\jre\lib\ext\dnsns.jar;E:\wwgJDK\jdk1.8.0_111\jre\lib\ext\jaccess.jar;E:\wwgJDK\jdk1.8.0_111\jre\lib\ext\jfxrt.jar;E:\wwgJDK\jdk1.8.0_111\jre\lib\ext\localedata.jar;E:\wwgJDK\jdk1.8.0_111\jre\lib\ext\nashorn.jar;E:\wwgJDK\jdk1.8.0_111\jre\lib\ext\sunec.jar;E:\wwgJDK\jdk1.8.0_111\jre\lib\ext\sunjce_provider.jar;E:\wwgJDK\jdk1.8.0_111\jre\lib\ext\sunmscapi.jar;E:\wwgJDK\jdk1.8.0_111\jre\lib\ext\sunpkcs11.jar;E:\wwgJDK\jdk1.8.0_111\jre\lib\ext\zipfs.jar;E:\wwgJDK\jdk1.8.0_111\jre\lib\javaws.jar;E:\wwgJDK\jdk1.8.0_111\jre\lib\jce.jar;E:\wwgJDK\jdk1.8.0_111\jre\lib\jfr.jar;E:\wwgJDK\jdk1.8.0_111\jre\lib\jfxswt.jar;E:\wwgJDK\jdk1.8.0_111\jre\lib\jsse.jar;E:\wwgJDK\jdk1.8.0_111\jre\lib\management-agent.jar;E:\wwgJDK\jdk1.8.0_111\jre\lib\plugin.jar;E:\wwgJDK\jdk1.8.0_111\jre\lib\resources.jar;E:\wwgJDK\jdk1.8.0_111\jre\lib\rt.jar;E:\wwgProject\springcloud\service-ribbon\target\classes;C:\Users\iel201704\.m2\repository\org\springframework\boot\spring-boot-starter-web\2.0.2.RELEASE\spring-boot-starter-web-2.0.2.RELEASE.jar;C:\Users\iel201704\.m2\repository\org\springframework\boot\spring-boot-starter\2.0.2.RELEASE\spring-boot-starter-2.0.2.RELEASE.jar;C:\Users\iel201704\.m2\repository\org\springframework\boot\spring-boot\2.0.2.RELEASE\spring-boot-2.0.2.RELEASE.jar;C:\Users\iel201704\.m2\repository\org\springframework\boot\spring-boot-autoconfigure\2.0.2.RELEASE\spring-boot-autoconfigure-2.0.2.RELEASE.jar;C:\Users\iel201704\.m2\repository\org\springframework\boot\spring-boot-starter-logging\2.0.2.RELEASE\spring-boot-starter-logging-2.0.2.RELEASE.jar;C:\Users\iel201704\.m2\repository\ch\qos\logback\logback-classic\1.2.3\logback-classic-1.2.3.jar;C:\Users\iel201704\.m2\repository\ch\qos\logback\logback-core\1.2.3\logback-core-1.2.3.jar;C:\Use
Launcher Type: SUN_STANDARD

Environment Variables:
JAVA_HOME=E:\wwgJDK\jdk1.8.0_111
PATH=C:\ProgramData\Oracle\Java\javapath;C:\Program Files (x86)\Intel\iCLS Client\;C:\Program Files\Intel\iCLS Client\;C:\Windows\system32;C:\Windows;C:\Windows\System32\Wbem;C:\Windows\System32\WindowsPowerShell\v1.0\;C:\Program Files (x86)\NVIDIA Corporation\PhysX\Common;C:\Program Files (x86)\Intel\Intel(R) Management Engine Components\DAL;C:\Program Files\Intel\Intel(R) Management Engine Components\DAL;C:\Program Files (x86)\Intel\Intel(R) Management Engine Components\IPT;C:\Program Files\Intel\Intel(R) Management Engine Components\IPT;E:\wwgJDK\jdk1.8.0_111\bin;E:\wwgJDK\jdk1.8.0_111\jre\bin;C:\Java\apache-maven-3.3.9\bin;C:\Program Files\TortoiseSVN\bin;C:\Program Files\Git\cmd;C:\Program Files\Git\mingw64\bin;C:\Program Files\Git\usr\bin;C:\Program Files\nodejs\;C:\WINDOWS\system32;C:\WINDOWS;C:\WINDOWS\System32\Wbem;C:\WINDOWS\System32\WindowsPowerShell\v1.0\;C:\Program Files\dotnet\;C:\Users\iel201704\AppData\Local\Programs\Python\Python36\Scripts\;C:\Users\iel201704\AppData\Local\Programs\Python\Python36\;C:\Users\iel201704\AppData\Roaming\npm;C:\Users\iel201704\AppData\Local\GitHubDesktop\bin;D:\platform-tools-latest-windows\platform-tools;C:\Users\iel201704\AppData\Local\Programs\Python\Python36;C:\Users\iel201704\AppData\Local\Programs\Python\Python36\Scripts;C:\Users\iel201704\AppData\Local\Microsoft\WindowsApps;
USERNAME=iel201704
OS=Windows_NT
PROCESSOR_IDENTIFIER=Intel64 Family 6 Model 94 Stepping 3, GenuineIntel



---------------  S Y S T E M  ---------------

OS: Windows 10.0 , 64 bit Build 16299 (10.0.16299.431)

CPU:total 4 (4 cores per cpu, 1 threads per core) family 6 model 94 stepping 3, cmov, cx8, fxsr, mmx, sse, sse2, sse3, ssse3, sse4.1, sse4.2, popcnt, avx, avx2, clmul, erms, 3dnowpref, lzcnt, tsc, tscinvbit, bmi1, bmi2, adx

Memory: 4k page, physical 4145672k(431496k free), swap 8299016k(3876k free)

vm_info: Java HotSpot(TM) 64-Bit Server VM (25.111-b14) for windows-amd64 JRE (1.8.0_111-b14), built on Sep 22 2016 19:24:05 by "java_re" with MS VC++ 10.0 (VS2010)

time: Tue Jun 12 15:54:46 2018
elapsed time: 15 seconds (0d 0h 0m 15s)

